<?xml version="1.0" encoding="UTF-8"?>
<!-- Generated by org.testng.reporters.JUnitXMLReporter -->
<testsuite hostname="DELL-PC" name="Test" tests="1" failures="0" timestamp="22 Jul 2020 14:20:29 GMT" time="12.285" errors="0">
  <testcase name="@BeforeTest beforeConfig" time="0.0" classname="com.ecommerce.flipkart.Test.HomePage.homePageTest">
    <failure type="java.lang.NullPointerException" message="null value in entry: url=null">
      <![CDATA[java.lang.NullPointerException: null value in entry: url=null
	at com.google.common.collect.CollectPreconditions.checkEntryNotNull(CollectPreconditions.java:32)
	at com.google.common.collect.SingletonImmutableBiMap.<init>(SingletonImmutableBiMap.java:42)
	at com.google.common.collect.ImmutableBiMap.of(ImmutableBiMap.java:72)
	at com.google.common.collect.ImmutableMap.of(ImmutableMap.java:124)
	at org.openqa.selenium.remote.RemoteWebDriver.get(RemoteWebDriver.java:277)
	at com.ecommerce.flipkart.Util.GenericCommonMethods.launchChromeBrowser(GenericCommonMethods.java:28)
	at com.ecommerce.flipkart.Test.HomePage.homePageTest.beforeConfig(homePageTest.java:26)
	at org.apache.maven.surefire.testng.TestNGExecutor.run(TestNGExecutor.java:284)
	at org.apache.maven.surefire.testng.TestNGXmlTestSuite.execute(TestNGXmlTestSuite.java:75)
	at org.apache.maven.surefire.testng.TestNGProvider.invoke(TestNGProvider.java:119)
	at org.apache.maven.surefire.booter.ForkedBooter.runSuitesInProcess(ForkedBooter.java:428)
	at org.apache.maven.surefire.booter.ForkedBooter.execute(ForkedBooter.java:162)
	at org.apache.maven.surefire.booter.ForkedBooter.run(ForkedBooter.java:562)
	at org.apache.maven.surefire.booter.ForkedBooter.main(ForkedBooter.java:548)
... Removed 19 stack frames]]>
    </failure>
  </testcase> <!-- @BeforeTest beforeConfig -->
  <testcase name="@AfterMethod afterConfig" time="0.0" classname="com.ecommerce.flipkart.Test.HomePage.homePageTest">
    <skipped/>
  </testcase> <!-- @AfterMethod afterConfig -->
  <testcase name="launchBrowser" time="0.001" classname="com.ecommerce.flipkart.Test.HomePage.homePageTest">
    <skipped/>
  </testcase> <!-- launchBrowser -->
</testsuite> <!-- Test -->
